<?xml version="1.0" encoding="UTF-8"?>
<!-- Generated by org.testng.reporters.JUnitReportReporter -->
<testsuite hostname="DESKTOP-G5GRL36" name="com.hrm.scripts.TestLoginButtonIsPresent" tests="1" failures="0" timestamp="22 Dec 2017 13:07:55 GMT" time="3.231" errors="0">
  <testcase name="testLoginButtonIsPresent" time="3.231" classname="com.hrm.scripts.TestLoginButtonIsPresent"/>
</testsuite> <!-- com.hrm.scripts.TestLoginButtonIsPresent -->
