<?xml version="1.0" encoding="UTF-8"?>
<!-- Generated by org.testng.reporters.JUnitReportReporter -->
<testsuite hostname="DESKTOP-G5GRL36" name="com.hrm.scripts.TestLeaveListToolTip" tests="1" failures="0" timestamp="22 Dec 2017 13:08:28 GMT" time="13.506" errors="0">
  <testcase name="testLeaveListToolTip" time="13.506" classname="com.hrm.scripts.TestLeaveListToolTip"/>
</testsuite> <!-- com.hrm.scripts.TestLeaveListToolTip -->
