<?xml version="1.0" encoding="UTF-8"?>
<!-- Generated by org.testng.reporters.JUnitReportReporter -->
<testsuite hostname="DESKTOP-G5GRL36" name="com.hrm.scripts.TestSearchButton" tests="1" failures="0" timestamp="22 Dec 2017 13:07:30 GMT" time="16.821" errors="0">
  <testcase name="testSearchButton" time="16.821" classname="com.hrm.scripts.TestSearchButton"/>
</testsuite> <!-- com.hrm.scripts.TestSearchButton -->
