<?xml version="1.0" encoding="UTF-8"?>
<!-- Generated by org.testng.reporters.JUnitReportReporter -->
<testsuite hostname="DESKTOP-G5GRL36" name="com.hrm.scripts.TestUserRoleListBox" tests="1" failures="0" timestamp="22 Dec 2017 12:54:15 GMT" time="9.023" errors="0">
  <testcase name="testUserRoleListBox" time="9.023" classname="com.hrm.scripts.TestUserRoleListBox"/>
</testsuite> <!-- com.hrm.scripts.TestUserRoleListBox -->
