<?xml version="1.0" encoding="UTF-8"?>
<!-- Generated by org.testng.reporters.JUnitReportReporter -->
<testsuite hostname="DESKTOP-G5GRL36" name="com.hrm.scripts.LoginLogoutTest" tests="1" failures="0" timestamp="22 Dec 2017 12:54:15 GMT" time="6.774" errors="0">
  <testcase name="testAutoLoginLogout1" time="6.774" classname="com.hrm.scripts.LoginLogoutTest"/>
</testsuite> <!-- com.hrm.scripts.LoginLogoutTest -->
