<?xml version="1.0" encoding="UTF-8"?>
<!-- Generated by org.testng.reporters.JUnitReportReporter -->
<testsuite hostname="DESKTOP-G5GRL36" name="com.hrm.scripts.Login" tests="1" failures="0" timestamp="22 Dec 2017 12:54:15 GMT" time="6.908" errors="0">
  <testcase name="loginapp" time="6.908" classname="com.hrm.scripts.Login"/>
</testsuite> <!-- com.hrm.scripts.Login -->
