<?xml version="1.0" encoding="UTF-8"?>
<!-- Generated by org.testng.reporters.JUnitReportReporter -->
<testsuite hostname="DESKTOP-G5GRL36" name="com.hrm.scripts.TestJobTitle" tests="1" failures="0" timestamp="22 Dec 2017 13:09:24 GMT" time="33.739" errors="0">
  <testcase name="testJobTitle" time="33.739" classname="com.hrm.scripts.TestJobTitle"/>
</testsuite> <!-- com.hrm.scripts.TestJobTitle -->
