<?xml version="1.0" encoding="UTF-8"?>
<!-- Generated by org.testng.reporters.JUnitReportReporter -->
<testsuite hostname="DESKTOP-G5GRL36" name="com.hrm.scripts.TestNG" tests="1" failures="0" timestamp="22 Dec 2017 12:54:15 GMT" time="0.002" errors="0">
  <testcase name="testDemoA" time="0.002" classname="com.hrm.scripts.TestNG"/>
</testsuite> <!-- com.hrm.scripts.TestNG -->
