<?xml version="1.0" encoding="UTF-8"?>
<!-- Generated by org.testng.reporters.JUnitReportReporter -->
<testsuite hostname="DESKTOP-G5GRL36" name="com.hrm.scripts.TestCreateDeleteEmp" tests="1" failures="0" timestamp="22 Dec 2017 12:54:15 GMT" time="37.301" errors="0">
  <testcase name="testCreateDeleteEmp" time="37.301" classname="com.hrm.scripts.TestCreateDeleteEmp"/>
</testsuite> <!-- com.hrm.scripts.TestCreateDeleteEmp -->
